TN:
SF:src\controller\adminPanel.ts
FN:7,(anonymous_17)
FN:7,(anonymous_18)
FNF:2
FNH:2
FNDA:3,(anonymous_17)
FNDA:3,(anonymous_18)
DA:1,1
DA:2,1
DA:4,1
DA:5,1
DA:7,3
DA:8,3
DA:9,3
DA:12,3
DA:13,3
DA:17,2
DA:18,1
DA:21,1
DA:34,1
DA:36,1
DA:39,1
DA:40,1
DA:45,3
LF:17
LH:17
BRDA:17,0,0,1
BRDA:17,0,1,1
BRDA:41,1,0,1
BRDA:41,1,1,1
BRDA:42,2,0,1
BRDA:42,2,1,0
BRF:6
BRH:5
end_of_record
TN:
SF:src\controller\analyticsController.ts
FN:13,(anonymous_7)
FN:13,(anonymous_8)
FN:23,(anonymous_9)
FN:23,(anonymous_10)
FN:33,(anonymous_11)
FN:33,(anonymous_12)
FN:43,(anonymous_13)
FN:43,(anonymous_14)
FN:53,(anonymous_15)
FN:53,(anonymous_16)
FNF:10
FNH:10
FNDA:2,(anonymous_7)
FNDA:2,(anonymous_8)
FNDA:2,(anonymous_9)
FNDA:2,(anonymous_10)
FNDA:2,(anonymous_11)
FNDA:2,(anonymous_12)
FNDA:2,(anonymous_13)
FNDA:2,(anonymous_14)
FNDA:2,(anonymous_15)
FNDA:2,(anonymous_16)
DA:2,1
DA:10,1
DA:11,1
DA:13,2
DA:14,2
DA:15,2
DA:16,1
DA:18,1
DA:19,1
DA:23,2
DA:24,2
DA:25,2
DA:26,1
DA:28,1
DA:29,1
DA:33,2
DA:34,2
DA:35,2
DA:36,1
DA:38,1
DA:39,1
DA:43,2
DA:44,2
DA:45,2
DA:46,1
DA:48,1
DA:49,1
DA:53,2
DA:54,2
DA:55,2
DA:56,1
DA:58,1
DA:59,1
LF:33
LH:33
BRF:0
BRH:0
end_of_record
TN:
SF:src\controller\bookingController.ts
FN:20,(anonymous_8)
FN:20,(anonymous_9)
FN:32,(anonymous_10)
FN:32,(anonymous_11)
FN:42,(anonymous_12)
FN:42,(anonymous_13)
FN:53,(anonymous_14)
FN:53,(anonymous_15)
FN:64,(anonymous_16)
FN:64,(anonymous_17)
FN:75,(anonymous_18)
FN:75,(anonymous_19)
FN:89,(anonymous_20)
FN:89,(anonymous_21)
FN:103,(anonymous_22)
FN:106,(anonymous_23)
FN:116,(anonymous_24)
FN:119,(anonymous_25)
FN:129,(anonymous_26)
FN:132,(anonymous_27)
FN:142,(anonymous_28)
FN:145,(anonymous_29)
FN:156,(anonymous_30)
FN:160,(anonymous_31)
FNF:24
FNH:14
FNDA:2,(anonymous_8)
FNDA:2,(anonymous_9)
FNDA:2,(anonymous_10)
FNDA:2,(anonymous_11)
FNDA:2,(anonymous_12)
FNDA:2,(anonymous_13)
FNDA:2,(anonymous_14)
FNDA:2,(anonymous_15)
FNDA:2,(anonymous_16)
FNDA:2,(anonymous_17)
FNDA:2,(anonymous_18)
FNDA:2,(anonymous_19)
FNDA:2,(anonymous_20)
FNDA:2,(anonymous_21)
FNDA:0,(anonymous_22)
FNDA:0,(anonymous_23)
FNDA:0,(anonymous_24)
FNDA:0,(anonymous_25)
FNDA:0,(anonymous_26)
FNDA:0,(anonymous_27)
FNDA:0,(anonymous_28)
FNDA:0,(anonymous_29)
FNDA:0,(anonymous_30)
FNDA:0,(anonymous_31)
DA:2,1
DA:15,1
DA:16,1
DA:17,1
DA:18,1
DA:20,2
DA:21,2
DA:22,2
DA:24,1
DA:25,1
DA:27,1
DA:28,1
DA:32,2
DA:33,2
DA:34,2
DA:35,1
DA:37,1
DA:38,1
DA:42,2
DA:43,2
DA:44,2
DA:45,2
DA:46,1
DA:48,1
DA:49,1
DA:53,2
DA:54,2
DA:55,2
DA:56,2
DA:57,1
DA:59,1
DA:60,1
DA:64,2
DA:65,2
DA:66,2
DA:67,2
DA:68,1
DA:70,1
DA:71,1
DA:75,2
DA:76,2
DA:77,2
DA:78,2
DA:79,0
DA:81,0
DA:82,0
DA:84,2
DA:85,2
DA:89,2
DA:90,2
DA:91,2
DA:92,2
DA:93,2
DA:95,1
DA:96,1
DA:98,1
DA:99,1
DA:103,1
DA:106,0
DA:107,0
DA:108,0
DA:109,0
DA:111,0
DA:112,0
DA:116,1
DA:119,0
DA:120,0
DA:121,0
DA:122,0
DA:124,0
DA:125,0
DA:129,1
DA:132,0
DA:133,0
DA:134,0
DA:135,0
DA:137,0
DA:138,0
DA:142,1
DA:145,0
DA:146,0
DA:147,0
DA:148,0
DA:149,0
DA:151,0
DA:152,0
DA:156,1
DA:160,0
DA:161,0
DA:162,0
DA:163,0
DA:166,0
DA:167,0
DA:171,0
DA:173,0
DA:175,0
DA:176,0
LF:97
LH:59
BRDA:166,0,0,0
BRDA:166,1,0,0
BRDA:166,1,1,0
BRF:3
BRH:0
end_of_record
TN:
SF:src\controller\feedbackController.ts
FN:13,(anonymous_7)
FN:13,(anonymous_8)
FN:23,(anonymous_9)
FN:23,(anonymous_10)
FN:33,(anonymous_11)
FN:33,(anonymous_12)
FN:44,(anonymous_13)
FN:44,(anonymous_14)
FN:55,(anonymous_15)
FN:55,(anonymous_16)
FNF:10
FNH:10
FNDA:2,(anonymous_7)
FNDA:2,(anonymous_8)
FNDA:2,(anonymous_9)
FNDA:2,(anonymous_10)
FNDA:2,(anonymous_11)
FNDA:2,(anonymous_12)
FNDA:2,(anonymous_13)
FNDA:2,(anonymous_14)
FNDA:2,(anonymous_15)
FNDA:2,(anonymous_16)
DA:2,1
DA:10,1
DA:11,1
DA:13,2
DA:14,2
DA:15,2
DA:16,1
DA:18,1
DA:19,1
DA:23,2
DA:24,2
DA:25,2
DA:26,1
DA:28,1
DA:29,1
DA:33,2
DA:34,2
DA:35,2
DA:36,2
DA:37,1
DA:39,1
DA:40,1
DA:44,2
DA:45,2
DA:46,2
DA:47,2
DA:48,1
DA:50,1
DA:51,1
DA:55,2
DA:56,2
DA:57,2
DA:58,2
DA:59,1
DA:61,1
DA:62,1
LF:36
LH:36
BRF:0
BRH:0
end_of_record
TN:
SF:src\controller\notificationController.ts
FN:14,(anonymous_7)
FN:17,(anonymous_8)
FN:27,(anonymous_9)
FN:27,(anonymous_10)
FN:38,(anonymous_11)
FN:41,(anonymous_12)
FN:52,(anonymous_13)
FN:55,(anonymous_14)
FN:66,(anonymous_15)
FN:69,(anonymous_16)
FN:80,(anonymous_17)
FN:83,(anonymous_18)
FNF:12
FNH:10
FNDA:2,(anonymous_7)
FNDA:2,(anonymous_8)
FNDA:2,(anonymous_9)
FNDA:2,(anonymous_10)
FNDA:2,(anonymous_11)
FNDA:2,(anonymous_12)
FNDA:0,(anonymous_13)
FNDA:0,(anonymous_14)
FNDA:2,(anonymous_15)
FNDA:2,(anonymous_16)
FNDA:2,(anonymous_17)
FNDA:2,(anonymous_18)
DA:2,1
DA:11,1
DA:12,1
DA:14,1
DA:17,2
DA:18,2
DA:19,2
DA:20,1
DA:22,1
DA:23,1
DA:27,2
DA:28,2
DA:29,2
DA:30,2
DA:31,1
DA:33,1
DA:34,1
DA:38,1
DA:41,2
DA:42,2
DA:43,2
DA:44,2
DA:45,1
DA:47,1
DA:48,1
DA:52,1
DA:55,0
DA:56,0
DA:57,0
DA:58,0
DA:59,0
DA:61,0
DA:62,0
DA:66,1
DA:69,2
DA:70,2
DA:71,2
DA:72,2
DA:73,1
DA:75,1
DA:76,1
DA:80,1
DA:83,2
DA:84,2
DA:85,2
DA:86,2
DA:87,1
DA:89,1
DA:90,1
LF:49
LH:42
BRF:0
BRH:0
end_of_record
TN:
SF:src\controller\paymentController.ts
FN:13,(anonymous_7)
FN:13,(anonymous_8)
FN:24,(anonymous_9)
FN:24,(anonymous_10)
FN:35,(anonymous_11)
FN:35,(anonymous_12)
FN:46,(anonymous_13)
FN:46,(anonymous_14)
FN:56,(anonymous_15)
FN:56,(anonymous_16)
FNF:10
FNH:10
FNDA:2,(anonymous_7)
FNDA:2,(anonymous_8)
FNDA:2,(anonymous_9)
FNDA:2,(anonymous_10)
FNDA:2,(anonymous_11)
FNDA:2,(anonymous_12)
FNDA:2,(anonymous_13)
FNDA:2,(anonymous_14)
FNDA:2,(anonymous_15)
FNDA:2,(anonymous_16)
DA:2,1
DA:10,1
DA:11,1
DA:13,2
DA:14,2
DA:15,2
DA:16,2
DA:17,1
DA:19,1
DA:20,1
DA:24,2
DA:25,2
DA:26,2
DA:27,2
DA:28,1
DA:30,1
DA:31,1
DA:35,2
DA:36,2
DA:37,2
DA:38,2
DA:39,1
DA:41,1
DA:42,1
DA:46,2
DA:47,2
DA:48,2
DA:49,1
DA:51,1
DA:52,1
DA:56,2
DA:57,2
DA:58,2
DA:59,2
DA:60,1
DA:62,1
DA:63,1
LF:37
LH:37
BRF:0
BRH:0
end_of_record
TN:
SF:src\controller\serviceController.ts
FN:13,(anonymous_7)
FN:13,(anonymous_8)
FN:23,(anonymous_9)
FN:23,(anonymous_10)
FN:33,(anonymous_11)
FN:33,(anonymous_12)
FN:44,(anonymous_13)
FN:44,(anonymous_14)
FN:55,(anonymous_15)
FN:55,(anonymous_16)
FNF:10
FNH:10
FNDA:2,(anonymous_7)
FNDA:2,(anonymous_8)
FNDA:2,(anonymous_9)
FNDA:2,(anonymous_10)
FNDA:2,(anonymous_11)
FNDA:2,(anonymous_12)
FNDA:2,(anonymous_13)
FNDA:2,(anonymous_14)
FNDA:2,(anonymous_15)
FNDA:2,(anonymous_16)
DA:2,1
DA:10,1
DA:11,1
DA:13,2
DA:14,2
DA:15,2
DA:16,1
DA:18,1
DA:19,1
DA:23,2
DA:24,2
DA:25,2
DA:26,1
DA:28,1
DA:29,1
DA:33,2
DA:34,2
DA:35,2
DA:36,2
DA:37,1
DA:39,1
DA:40,1
DA:44,2
DA:45,2
DA:46,2
DA:47,2
DA:48,1
DA:50,1
DA:51,1
DA:55,2
DA:56,2
DA:57,2
DA:58,2
DA:59,1
DA:61,1
DA:62,1
LF:36
LH:36
BRF:0
BRH:0
end_of_record
TN:
SF:src\controller\userController.ts
FN:15,(anonymous_18)
FN:19,(anonymous_19)
FN:49,(anonymous_20)
FN:53,(anonymous_21)
FN:64,(anonymous_22)
FN:68,(anonymous_23)
FN:80,(anonymous_24)
FN:84,(anonymous_25)
FN:96,(anonymous_26)
FN:100,(anonymous_27)
FN:131,(anonymous_28)
FN:135,(anonymous_29)
FN:149,(anonymous_30)
FN:153,(anonymous_31)
FN:227,(anonymous_32)
FN:231,(anonymous_33)
FN:250,(anonymous_34)
FN:254,(anonymous_35)
FN:265,(anonymous_36)
FN:269,(anonymous_37)
FNF:20
FNH:18
FNDA:1,(anonymous_18)
FNDA:1,(anonymous_19)
FNDA:2,(anonymous_20)
FNDA:2,(anonymous_21)
FNDA:2,(anonymous_22)
FNDA:2,(anonymous_23)
FNDA:2,(anonymous_24)
FNDA:2,(anonymous_25)
FNDA:2,(anonymous_26)
FNDA:2,(anonymous_27)
FNDA:2,(anonymous_28)
FNDA:2,(anonymous_29)
FNDA:1,(anonymous_30)
FNDA:1,(anonymous_31)
FNDA:3,(anonymous_32)
FNDA:3,(anonymous_33)
FNDA:2,(anonymous_34)
FNDA:2,(anonymous_35)
FNDA:0,(anonymous_36)
FNDA:0,(anonymous_37)
DA:2,1
DA:3,1
DA:5,1
DA:6,1
DA:8,1
DA:9,1
DA:10,1
DA:12,1
DA:15,1
DA:19,1
DA:20,1
DA:21,1
DA:22,1
DA:27,1
DA:28,1
DA:29,1
DA:32,1
DA:33,1
DA:34,1
DA:38,1
DA:39,1
DA:43,0
DA:44,0
DA:49,1
DA:53,2
DA:54,2
DA:55,2
DA:56,1
DA:58,1
DA:59,1
DA:64,1
DA:68,2
DA:69,2
DA:70,2
DA:71,2
DA:72,1
DA:74,1
DA:75,1
DA:80,1
DA:84,2
DA:85,2
DA:86,2
DA:87,2
DA:88,1
DA:90,1
DA:91,1
DA:96,1
DA:100,2
DA:101,2
DA:102,2
DA:103,2
DA:104,2
DA:109,2
DA:110,2
DA:111,1
DA:114,1
DA:115,1
DA:116,1
DA:120,2
DA:121,1
DA:125,1
DA:126,1
DA:131,1
DA:135,2
DA:136,2
DA:137,2
DA:138,2
DA:139,1
DA:143,1
DA:144,1
DA:149,1
DA:153,1
DA:154,1
DA:155,1
DA:156,1
DA:157,1
DA:158,1
DA:161,1
DA:162,1
DA:164,1
DA:166,1
DA:167,1
DA:169,1
DA:170,1
DA:172,1
DA:179,0
DA:183,0
DA:188,0
DA:189,0
DA:196,1
DA:197,0
DA:198,0
DA:202,0
DA:203,0
DA:204,0
DA:208,0
DA:209,0
DA:215,0
DA:221,1
DA:222,1
DA:227,1
DA:231,3
DA:232,3
DA:234,3
DA:235,3
DA:236,2
DA:237,2
DA:238,2
DA:239,1
DA:240,1
DA:242,1
DA:245,1
DA:250,1
DA:254,2
DA:255,2
DA:256,2
DA:257,1
DA:259,1
DA:260,1
DA:265,1
DA:269,0
DA:270,0
DA:271,0
DA:272,0
DA:273,0
DA:278,0
DA:279,0
LF:127
LH:106
BRDA:21,0,0,1
BRDA:21,0,1,0
BRDA:28,1,0,1
BRDA:32,2,0,1
BRDA:103,3,0,1
BRDA:103,3,1,1
BRDA:110,4,0,1
BRDA:114,5,0,1
BRDA:158,6,0,0
BRDA:158,6,1,1
BRDA:158,7,0,1
BRDA:158,7,1,1
BRDA:158,8,0,0
BRDA:158,8,1,1
BRDA:158,9,0,1
BRDA:158,9,1,1
BRDA:161,10,0,1
BRDA:167,11,0,1
BRDA:167,11,1,0
BRDA:167,12,0,1
BRDA:167,12,1,1
BRDA:170,13,0,1
BRDA:170,13,1,0
BRDA:197,14,0,0
BRDA:203,15,0,0
BRDA:234,16,0,1
BRDA:234,16,1,2
BRDA:234,17,0,3
BRDA:234,17,1,2
BRDA:235,18,0,2
BRDA:235,18,1,1
BRDA:237,19,0,0
BRDA:237,19,1,2
BRDA:237,20,0,2
BRDA:237,20,1,2
BRDA:238,21,0,1
BRDA:238,21,1,1
BRF:37
BRH:29
end_of_record
TN:
SF:src\helper\analyticsHelper.ts
FN:7,(anonymous_8)
FN:7,(anonymous_9)
FN:55,(anonymous_10)
FN:55,(anonymous_11)
FN:99,(anonymous_12)
FN:99,(anonymous_13)
FN:142,(anonymous_14)
FN:142,(anonymous_15)
FN:170,(anonymous_16)
FN:170,(anonymous_17)
FNF:10
FNH:10
FNDA:2,(anonymous_8)
FNDA:2,(anonymous_9)
FNDA:2,(anonymous_10)
FNDA:2,(anonymous_11)
FNDA:2,(anonymous_12)
FNDA:2,(anonymous_13)
FNDA:2,(anonymous_14)
FNDA:2,(anonymous_15)
FNDA:2,(anonymous_16)
FNDA:2,(anonymous_17)
DA:1,2
DA:4,2
DA:7,2
DA:8,2
DA:9,2
DA:10,1
DA:13,1
DA:16,1
DA:21,1
DA:32,1
DA:42,1
DA:51,1
DA:55,2
DA:56,2
DA:57,2
DA:58,1
DA:63,1
DA:66,1
DA:69,1
DA:74,1
DA:86,1
DA:95,1
DA:99,2
DA:100,2
DA:101,2
DA:102,1
DA:105,1
DA:108,1
DA:113,1
DA:119,1
DA:129,1
DA:138,1
DA:142,2
DA:143,2
DA:144,2
DA:147,1
DA:161,1
DA:166,1
DA:170,2
DA:171,2
DA:172,2
DA:173,1
DA:180,1
DA:185,1
DA:191,1
LF:45
LH:45
BRDA:88,0,0,1
BRDA:88,0,1,0
BRDA:187,1,0,1
BRDA:187,1,1,0
BRF:4
BRH:2
end_of_record
TN:
SF:src\helper\bookingHelper.ts
FN:8,(anonymous_9)
FN:8,(anonymous_10)
FN:13,(anonymous_11)
FN:51,(anonymous_12)
FN:51,(anonymous_13)
FN:67,(anonymous_14)
FN:67,(anonymous_15)
FN:89,(anonymous_16)
FN:92,(anonymous_17)
FN:97,(anonymous_18)
FN:125,(anonymous_19)
FN:125,(anonymous_20)
FN:138,(anonymous_21)
FN:138,(anonymous_22)
FN:179,(anonymous_23)
FN:179,(anonymous_24)
FN:223,(anonymous_25)
FN:223,(anonymous_26)
FN:242,(anonymous_27)
FN:242,(anonymous_28)
FN:261,(anonymous_29)
FN:261,(anonymous_30)
FN:280,(anonymous_31)
FN:280,(anonymous_32)
FN:296,(anonymous_33)
FN:296,(anonymous_34)
FNF:26
FNH:8
FNDA:3,(anonymous_9)
FNDA:3,(anonymous_10)
FNDA:0,(anonymous_11)
FNDA:0,(anonymous_12)
FNDA:0,(anonymous_13)
FNDA:2,(anonymous_14)
FNDA:2,(anonymous_15)
FNDA:0,(anonymous_16)
FNDA:0,(anonymous_17)
FNDA:0,(anonymous_18)
FNDA:2,(anonymous_19)
FNDA:2,(anonymous_20)
FNDA:3,(anonymous_21)
FNDA:3,(anonymous_22)
FNDA:0,(anonymous_23)
FNDA:0,(anonymous_24)
FNDA:0,(anonymous_25)
FNDA:0,(anonymous_26)
FNDA:0,(anonymous_27)
FNDA:0,(anonymous_28)
FNDA:0,(anonymous_29)
FNDA:0,(anonymous_30)
FNDA:0,(anonymous_31)
FNDA:0,(anonymous_32)
FNDA:0,(anonymous_33)
FNDA:0,(anonymous_34)
DA:1,2
DA:3,2
DA:4,2
DA:5,2
DA:6,2
DA:8,3
DA:9,3
DA:10,3
DA:11,3
DA:12,0
DA:13,0
DA:15,0
DA:19,3
DA:22,3
DA:23,1
DA:27,2
DA:30,2
DA:31,1
DA:33,1
DA:34,1
DA:42,1
DA:44,2
DA:45,2
DA:47,0
DA:51,2
DA:52,0
DA:53,0
DA:61,0
DA:63,0
DA:67,2
DA:68,2
DA:69,2
DA:77,2
DA:78,1
DA:80,1
DA:82,1
DA:83,1
DA:85,0
DA:89,2
DA:92,0
DA:93,0
DA:94,0
DA:95,0
DA:96,0
DA:97,0
DA:99,0
DA:102,0
DA:105,0
DA:106,0
DA:108,0
DA:110,0
DA:119,0
DA:121,0
DA:125,2
DA:126,2
DA:127,2
DA:128,1
DA:129,0
DA:132,1
DA:134,1
DA:138,3
DA:139,3
DA:140,3
DA:143,3
DA:144,1
DA:146,2
DA:147,0
DA:150,2
DA:153,2
DA:154,1
DA:157,1
DA:170,1
DA:172,2
DA:173,2
DA:175,0
DA:179,2
DA:180,0
DA:181,0
DA:190,0
DA:191,0
DA:193,0
DA:194,0
DA:197,0
DA:200,0
DA:201,0
DA:204,0
DA:217,0
DA:219,0
DA:223,2
DA:224,0
DA:225,0
DA:236,0
DA:238,0
DA:242,2
DA:243,0
DA:244,0
DA:255,0
DA:257,0
DA:261,2
DA:262,0
DA:263,0
DA:274,0
DA:276,0
DA:280,2
DA:281,0
DA:282,0
DA:290,0
DA:292,0
DA:296,2
DA:297,0
DA:298,0
DA:301,0
DA:302,0
DA:304,0
DA:305,0
DA:308,0
DA:318,0
DA:320,0
LF:118
LH:55
BRDA:11,0,0,0
BRDA:22,1,0,1
BRDA:30,2,0,1
BRDA:44,3,0,2
BRDA:77,4,0,1
BRDA:82,5,0,1
BRDA:95,6,0,0
BRDA:105,7,0,0
BRDA:128,8,0,0
BRDA:143,9,0,1
BRDA:146,10,0,0
BRDA:153,11,0,1
BRDA:153,12,0,2
BRDA:153,12,1,1
BRDA:172,13,0,2
BRDA:190,14,0,0
BRDA:193,15,0,0
BRDA:200,16,0,0
BRDA:200,17,0,0
BRDA:200,17,1,0
BRDA:301,18,0,0
BRDA:304,19,0,0
BRF:22
BRH:10
end_of_record
TN:
SF:src\helper\feedbackHelper.ts
FN:8,(anonymous_8)
FN:8,(anonymous_9)
FN:13,(anonymous_10)
FN:42,(anonymous_11)
FN:42,(anonymous_12)
FN:55,(anonymous_13)
FN:55,(anonymous_14)
FN:72,(anonymous_15)
FN:75,(anonymous_16)
FN:80,(anonymous_17)
FN:105,(anonymous_18)
FN:105,(anonymous_19)
FNF:12
FNH:10
FNDA:1,(anonymous_8)
FNDA:1,(anonymous_9)
FNDA:0,(anonymous_10)
FNDA:1,(anonymous_11)
FNDA:1,(anonymous_12)
FNDA:4,(anonymous_13)
FNDA:4,(anonymous_14)
FNDA:2,(anonymous_15)
FNDA:2,(anonymous_16)
FNDA:0,(anonymous_17)
FNDA:2,(anonymous_18)
FNDA:2,(anonymous_19)
DA:1,2
DA:2,2
DA:3,2
DA:5,2
DA:6,2
DA:8,2
DA:9,1
DA:10,1
DA:11,1
DA:12,0
DA:13,0
DA:15,0
DA:19,1
DA:23,1
DA:24,0
DA:27,1
DA:33,1
DA:35,0
DA:36,0
DA:38,0
DA:42,2
DA:43,1
DA:44,1
DA:49,1
DA:51,0
DA:55,4
DA:56,4
DA:57,4
DA:63,4
DA:64,2
DA:66,2
DA:68,2
DA:72,2
DA:75,2
DA:76,2
DA:77,2
DA:78,2
DA:79,0
DA:80,0
DA:82,0
DA:85,2
DA:88,2
DA:89,1
DA:92,1
DA:99,1
DA:101,1
DA:105,2
DA:106,2
DA:107,2
DA:108,1
DA:109,0
DA:111,1
DA:115,1
LF:53
LH:41
BRDA:11,0,0,0
BRDA:23,1,0,0
BRDA:35,2,0,0
BRDA:63,3,0,2
BRDA:78,4,0,0
BRDA:88,5,0,1
BRDA:108,6,0,0
BRF:7
BRH:2
end_of_record
TN:
SF:src\helper\notificationHelper.ts
FN:8,(anonymous_8)
FN:8,(anonymous_9)
FN:13,(anonymous_10)
FN:42,(anonymous_11)
FN:42,(anonymous_12)
FN:55,(anonymous_13)
FN:55,(anonymous_14)
FN:70,(anonymous_15)
FN:73,(anonymous_16)
FN:80,(anonymous_17)
FN:103,(anonymous_18)
FN:103,(anonymous_19)
FN:117,(anonymous_20)
FN:117,(anonymous_21)
FNF:14
FNH:10
FNDA:2,(anonymous_8)
FNDA:2,(anonymous_9)
FNDA:0,(anonymous_10)
FNDA:1,(anonymous_11)
FNDA:1,(anonymous_12)
FNDA:4,(anonymous_13)
FNDA:4,(anonymous_14)
FNDA:2,(anonymous_15)
FNDA:2,(anonymous_16)
FNDA:0,(anonymous_17)
FNDA:2,(anonymous_18)
FNDA:2,(anonymous_19)
FNDA:0,(anonymous_20)
FNDA:0,(anonymous_21)
DA:1,3
DA:2,3
DA:3,3
DA:5,3
DA:6,3
DA:8,3
DA:9,2
DA:10,2
DA:11,2
DA:12,0
DA:13,0
DA:15,0
DA:19,2
DA:23,2
DA:24,1
DA:27,1
DA:33,1
DA:35,1
DA:36,1
DA:38,0
DA:42,3
DA:43,1
DA:44,1
DA:49,1
DA:51,0
DA:55,4
DA:56,4
DA:57,4
DA:61,4
DA:62,2
DA:64,2
DA:66,2
DA:70,3
DA:73,2
DA:74,2
DA:75,2
DA:78,2
DA:79,0
DA:80,0
DA:82,0
DA:85,2
DA:88,2
DA:89,1
DA:92,1
DA:97,1
DA:99,1
DA:103,3
DA:104,2
DA:105,2
DA:106,1
DA:107,0
DA:109,1
DA:113,1
DA:117,3
DA:118,0
DA:119,0
DA:123,0
DA:124,0
DA:127,0
DA:133,0
DA:135,0
LF:61
LH:45
BRDA:11,0,0,0
BRDA:23,1,0,1
BRDA:35,2,0,1
BRDA:61,3,0,2
BRDA:78,4,0,0
BRDA:88,5,0,1
BRDA:106,6,0,0
BRDA:123,7,0,0
BRF:8
BRH:4
end_of_record
TN:
SF:src\helper\paymentHelper.ts
FN:10,(anonymous_8)
FN:10,(anonymous_9)
FN:75,(anonymous_10)
FN:75,(anonymous_11)
FN:125,(anonymous_12)
FN:125,(anonymous_13)
FN:149,(anonymous_14)
FN:149,(anonymous_15)
FN:162,(anonymous_16)
FN:162,(anonymous_17)
FNF:10
FNH:10
FNDA:2,(anonymous_8)
FNDA:2,(anonymous_9)
FNDA:2,(anonymous_10)
FNDA:2,(anonymous_11)
FNDA:4,(anonymous_12)
FNDA:4,(anonymous_13)
FNDA:1,(anonymous_14)
FNDA:1,(anonymous_15)
FNDA:2,(anonymous_16)
FNDA:2,(anonymous_17)
DA:1,2
DA:2,2
DA:3,2
DA:6,2
DA:7,2
DA:10,2
DA:11,2
DA:13,2
DA:21,2
DA:22,1
DA:25,1
DA:26,0
DA:33,1
DA:37,1
DA:38,0
DA:43,1
DA:44,1
DA:45,0
DA:48,1
DA:58,1
DA:66,1
DA:71,1
DA:75,2
DA:76,2
DA:77,2
DA:79,2
DA:80,1
DA:87,1
DA:95,1
DA:96,0
DA:103,1
DA:112,1
DA:119,1
DA:121,1
DA:125,4
DA:126,4
DA:127,4
DA:139,4
DA:140,2
DA:143,2
DA:145,2
DA:149,2
DA:150,1
DA:151,1
DA:156,1
DA:158,0
DA:162,2
DA:163,2
DA:164,2
DA:165,1
DA:166,0
DA:169,1
DA:171,1
LF:53
LH:47
BRDA:21,0,0,1
BRDA:25,1,0,0
BRDA:37,2,0,0
BRDA:44,3,0,0
BRDA:44,4,0,1
BRDA:44,4,1,1
BRDA:79,5,0,1
BRDA:95,6,0,0
BRDA:139,7,0,2
BRDA:165,8,0,0
BRF:10
BRH:5
end_of_record
TN:
SF:src\helper\serviceHelper.ts
FN:8,(anonymous_8)
FN:8,(anonymous_9)
FN:13,(anonymous_10)
FN:35,(anonymous_11)
FN:35,(anonymous_12)
FN:46,(anonymous_13)
FN:46,(anonymous_14)
FN:60,(anonymous_15)
FN:63,(anonymous_16)
FN:68,(anonymous_17)
FN:90,(anonymous_18)
FN:90,(anonymous_19)
FNF:12
FNH:10
FNDA:2,(anonymous_8)
FNDA:2,(anonymous_9)
FNDA:0,(anonymous_10)
FNDA:1,(anonymous_11)
FNDA:1,(anonymous_12)
FNDA:4,(anonymous_13)
FNDA:4,(anonymous_14)
FNDA:2,(anonymous_15)
FNDA:2,(anonymous_16)
FNDA:0,(anonymous_17)
FNDA:2,(anonymous_18)
FNDA:2,(anonymous_19)
DA:1,2
DA:2,2
DA:3,2
DA:4,2
DA:5,2
DA:8,2
DA:9,2
DA:10,2
DA:11,2
DA:12,0
DA:13,0
DA:15,0
DA:17,2
DA:20,2
DA:21,1
DA:26,1
DA:29,1
DA:31,1
DA:35,2
DA:36,1
DA:37,1
DA:40,1
DA:42,0
DA:46,4
DA:47,4
DA:48,4
DA:51,4
DA:52,2
DA:54,2
DA:56,2
DA:60,2
DA:63,2
DA:64,2
DA:65,2
DA:66,2
DA:67,0
DA:68,0
DA:70,0
DA:73,2
DA:76,2
DA:77,1
DA:80,1
DA:84,1
DA:86,1
DA:90,2
DA:91,2
DA:92,2
DA:93,1
DA:94,0
DA:97,1
DA:99,1
LF:51
LH:43
BRDA:11,0,0,0
BRDA:20,1,0,1
BRDA:51,2,0,2
BRDA:66,3,0,0
BRDA:76,4,0,1
BRDA:93,5,0,0
BRF:6
BRH:3
end_of_record
TN:
SF:src\helper\userHelper.ts
FN:15,(anonymous_9)
FN:18,(anonymous_10)
FN:23,(anonymous_11)
FN:50,(anonymous_12)
FN:50,(anonymous_13)
FN:66,(anonymous_14)
FN:66,(anonymous_15)
FN:81,(anonymous_16)
FN:81,(anonymous_17)
FN:92,(anonymous_18)
FN:92,(anonymous_19)
FN:105,(anonymous_20)
FN:109,(anonymous_21)
FN:114,(anonymous_22)
FN:156,(anonymous_23)
FN:156,(anonymous_24)
FN:195,(anonymous_25)
FN:195,(anonymous_26)
FNF:18
FNH:15
FNDA:2,(anonymous_9)
FNDA:2,(anonymous_10)
FNDA:0,(anonymous_11)
FNDA:1,(anonymous_12)
FNDA:1,(anonymous_13)
FNDA:4,(anonymous_14)
FNDA:4,(anonymous_15)
FNDA:2,(anonymous_16)
FNDA:2,(anonymous_17)
FNDA:2,(anonymous_18)
FNDA:2,(anonymous_19)
FNDA:5,(anonymous_20)
FNDA:5,(anonymous_21)
FNDA:1,(anonymous_22)
FNDA:4,(anonymous_23)
FNDA:4,(anonymous_24)
FNDA:0,(anonymous_25)
FNDA:0,(anonymous_26)
DA:1,2
DA:2,2
DA:3,2
DA:4,2
DA:5,2
DA:6,2
DA:7,2
DA:8,2
DA:9,2
DA:11,2
DA:13,2
DA:15,2
DA:18,2
DA:19,2
DA:20,2
DA:21,2
DA:22,0
DA:23,0
DA:25,0
DA:28,2
DA:29,2
DA:30,2
DA:31,1
DA:34,1
DA:35,1
DA:43,1
DA:44,1
DA:46,1
DA:50,2
DA:51,1
DA:52,1
DA:60,1
DA:62,0
DA:66,4
DA:67,4
DA:68,4
DA:71,4
DA:72,2
DA:75,2
DA:77,2
DA:81,2
DA:82,2
DA:83,2
DA:86,2
DA:88,0
DA:92,2
DA:93,2
DA:94,2
DA:95,1
DA:96,0
DA:99,1
DA:101,1
DA:105,2
DA:109,5
DA:110,5
DA:111,5
DA:112,5
DA:113,1
DA:114,1
DA:116,1
DA:118,4
DA:119,4
DA:120,1
DA:123,3
DA:125,1
DA:126,1
DA:130,1
DA:131,1
DA:134,3
DA:135,1
DA:136,1
DA:137,0
DA:142,1
DA:144,3
DA:145,3
DA:149,3
DA:150,3
DA:152,2
DA:156,4
DA:157,4
DA:158,4
DA:159,1
DA:162,3
DA:163,3
DA:164,1
DA:168,2
DA:169,2
DA:171,0
DA:174,2
DA:175,2
DA:176,0
DA:180,2
DA:184,2
DA:185,1
DA:188,1
DA:190,3
DA:195,2
DA:196,0
DA:197,0
DA:199,0
DA:200,0
DA:204,0
DA:205,0
DA:208,0
DA:209,0
DA:211,0
DA:216,0
DA:217,0
DA:219,0
DA:221,0
LF:110
LH:88
BRDA:21,0,0,0
BRDA:30,1,0,1
BRDA:71,2,0,2
BRDA:95,3,0,0
BRDA:112,4,0,1
BRDA:119,5,0,1
BRDA:123,6,0,1
BRDA:123,7,0,3
BRDA:123,7,1,1
BRDA:123,7,2,1
BRDA:125,8,0,1
BRDA:134,9,0,1
BRDA:136,10,0,0
BRDA:158,11,0,1
BRDA:163,12,0,1
BRDA:175,13,0,0
BRDA:175,14,0,0
BRDA:175,14,1,2
BRDA:175,15,0,2
BRDA:175,15,1,2
BRDA:184,16,0,1
BRDA:196,17,0,0
BRDA:204,18,0,0
BRF:23
BRH:16
end_of_record
TN:
SF:src\services\generateResetPasswword.ts
FN:1,(anonymous_0)
FNF:1
FNH:0
FNDA:0,(anonymous_0)
DA:1,2
DA:5,0
LF:2
LH:1
BRF:0
BRH:0
end_of_record
TN:
SF:src\services\notificationService.ts
FN:3,(anonymous_7)
FN:7,(anonymous_8)
FN:27,(anonymous_9)
FN:31,(anonymous_10)
FN:52,(anonymous_11)
FN:56,(anonymous_12)
FNF:6
FNH:0
FNDA:0,(anonymous_7)
FNDA:0,(anonymous_8)
FNDA:0,(anonymous_9)
FNDA:0,(anonymous_10)
FNDA:0,(anonymous_11)
FNDA:0,(anonymous_12)
DA:1,1
DA:3,1
DA:7,0
DA:8,0
DA:14,0
DA:27,1
DA:31,0
DA:32,0
DA:38,0
DA:52,1
DA:56,0
DA:57,0
LF:12
LH:4
BRF:0
BRH:0
end_of_record
TN:
SF:src\utils\formatPrisma.ts
FN:6,(anonymous_1)
FN:9,(anonymous_2)
FN:52,(anonymous_3)
FN:55,(anonymous_4)
FN:83,(anonymous_5)
FN:112,(anonymous_6)
FNF:6
FNH:1
FNDA:73,(anonymous_1)
FNDA:0,(anonymous_2)
FNDA:0,(anonymous_3)
FNDA:0,(anonymous_4)
FNDA:0,(anonymous_5)
FNDA:0,(anonymous_6)
DA:2,22
DA:3,22
DA:4,22
DA:6,22
DA:8,73
DA:9,0
DA:10,0
DA:16,0
DA:18,0
DA:21,0
DA:28,0
DA:35,0
DA:36,0
DA:43,0
DA:51,73
DA:52,0
DA:55,0
DA:56,0
DA:62,0
DA:64,0
DA:65,0
DA:66,0
DA:67,0
DA:74,0
DA:75,0
DA:77,0
DA:78,0
DA:79,0
DA:80,0
DA:83,0
DA:88,0
DA:89,0
DA:96,0
DA:102,0
DA:110,0
DA:113,0
DA:120,0
DA:127,73
DA:131,0
DA:138,73
DA:139,73
DA:143,0
LF:42
LH:9
BRDA:8,0,0,0
BRDA:16,1,0,0
BRDA:16,1,1,0
BRDA:16,1,2,0
BRDA:16,1,3,0
BRDA:18,2,0,0
BRDA:18,2,1,0
BRDA:18,3,0,0
BRDA:18,3,1,0
BRDA:18,4,0,0
BRDA:18,4,1,0
BRDA:35,5,0,0
BRDA:35,5,1,0
BRDA:35,6,0,0
BRDA:35,6,1,0
BRDA:35,7,0,0
BRDA:35,7,1,0
BRDA:51,8,0,0
BRDA:56,9,0,0
BRDA:56,9,1,0
BRDA:56,9,2,0
BRDA:56,9,3,0
BRDA:62,10,0,0
BRDA:65,11,0,0
BRDA:74,12,0,0
BRDA:74,12,1,0
BRDA:75,13,0,0
BRDA:75,13,1,0
BRDA:79,14,0,0
BRDA:79,15,0,0
BRDA:79,15,1,0
BRDA:88,16,0,0
BRDA:88,17,0,0
BRDA:88,17,1,0
BRDA:110,18,0,0
BRDA:110,18,1,0
BRDA:113,19,0,0
BRDA:113,19,1,0
BRDA:113,19,2,0
BRDA:127,20,0,0
BRDA:128,21,0,73
BRDA:128,21,1,73
BRDA:138,22,0,73
BRF:43
BRH:3
end_of_record
TN:
SF:src\utils\generatepass.ts
FN:3,(anonymous_1)
FNF:1
FNH:0
FNDA:0,(anonymous_1)
DA:1,2
DA:3,2
DA:4,0
LF:3
LH:2
BRF:0
BRH:0
end_of_record
TN:
SF:src\utils\http-error.ts
FN:4,(anonymous_0)
FNF:1
FNH:1
FNDA:122,(anonymous_0)
DA:5,122
DA:6,0
DA:7,0
DA:9,122
DA:10,122
DA:13,122
DA:14,122
DA:15,122
DA:19,24
LF:9
LH:7
BRDA:5,0,0,0
BRDA:5,0,1,122
BRDA:9,1,0,122
BRDA:9,1,1,0
BRF:4
BRH:2
end_of_record
TN:
SF:src\utils\http-status.ts
FN:4,(anonymous_0)
FNF:1
FNH:1
FNDA:24,(anonymous_0)
DA:4,24
DA:5,24
DA:6,24
DA:7,24
DA:8,24
DA:9,24
DA:10,24
DA:11,24
DA:12,24
DA:13,24
DA:14,24
DA:15,24
DA:16,24
DA:17,24
DA:18,24
DA:19,24
DA:20,24
DA:21,24
DA:22,24
DA:23,24
DA:24,24
DA:25,24
DA:26,24
DA:27,24
DA:28,24
DA:29,24
DA:30,24
DA:31,24
DA:32,24
DA:33,24
DA:34,24
DA:35,24
DA:36,24
DA:37,24
DA:38,24
DA:39,24
DA:40,24
DA:41,24
DA:42,24
DA:43,24
DA:44,24
DA:45,24
DA:46,24
DA:47,24
DA:48,24
DA:49,24
DA:50,24
DA:51,24
DA:52,24
LF:49
LH:49
BRDA:4,0,0,24
BRDA:4,0,1,24
BRF:2
BRH:2
end_of_record
TN:
SF:src\utils\jsonwebtoken.ts
FN:20,(anonymous_1)
FN:32,(anonymous_2)
FN:46,(anonymous_3)
FN:62,(anonymous_4)
FN:77,(anonymous_5)
FN:78,(anonymous_6)
FNF:6
FNH:0
FNDA:0,(anonymous_1)
FNDA:0,(anonymous_2)
FNDA:0,(anonymous_3)
FNDA:0,(anonymous_4)
FNDA:0,(anonymous_5)
FNDA:0,(anonymous_6)
DA:2,1
DA:3,1
DA:4,1
DA:20,1
DA:25,0
DA:26,0
DA:28,0
DA:29,0
DA:32,0
DA:33,0
DA:34,0
DA:37,0
DA:38,0
DA:39,0
DA:42,0
DA:46,1
DA:47,0
DA:48,0
DA:50,0
DA:51,0
DA:57,0
DA:62,1
DA:63,0
DA:65,0
DA:66,0
DA:72,0
DA:77,1
DA:78,0
DA:79,0
DA:81,0
DA:82,0
DA:85,0
LF:32
LH:7
BRDA:26,0,0,0
BRDA:26,0,1,0
BRDA:26,1,0,0
BRDA:26,1,1,0
BRDA:28,2,0,0
BRDA:33,3,0,0
BRDA:37,4,0,0
BRDA:50,5,0,0
BRDA:50,6,0,0
BRDA:50,6,1,0
BRDA:65,7,0,0
BRDA:81,8,0,0
BRDA:81,9,0,0
BRDA:81,9,1,0
BRF:14
BRH:0
end_of_record
TN:
SF:src\utils\nodeMailer.ts
FN:3,(anonymous_8)
FN:7,(anonymous_9)
FNF:2
FNH:0
FNDA:0,(anonymous_8)
FNDA:0,(anonymous_9)
DA:1,2
DA:3,2
DA:7,0
DA:8,0
DA:16,0
DA:23,0
DA:24,0
DA:25,0
DA:27,0
LF:9
LH:2
BRF:0
BRH:0
end_of_record
TN:
SF:src\zodSchema\bookingSchema.ts
FNF:0
FNH:0
DA:1,2
DA:3,2
DA:5,2
DA:19,2
LF:4
LH:4
BRF:0
BRH:0
end_of_record
TN:
SF:src\zodSchema\feedbackSchema.ts
FNF:0
FNH:0
DA:1,2
DA:3,2
DA:19,2
LF:3
LH:3
BRF:0
BRH:0
end_of_record
TN:
SF:src\zodSchema\notificationSchema.ts
FNF:0
FNH:0
DA:1,3
DA:3,3
DA:23,3
LF:3
LH:3
BRF:0
BRH:0
end_of_record
TN:
SF:src\zodSchema\serviceSchema.ts
FNF:0
FNH:0
DA:1,2
DA:3,2
DA:12,2
LF:3
LH:3
BRF:0
BRH:0
end_of_record
TN:
SF:src\zodSchema\userSchema.ts
FNF:0
FNH:0
DA:1,2
DA:4,2
DA:7,2
DA:31,2
LF:4
LH:4
BRF:0
BRH:0
end_of_record
